生成启动时间为 2015/8/31 10:11:34。
     1>项目“E:\hlb\cocos2dx笔记\水波纹\网上例子\SwimmingPool1\SwimmingPool.vcxproj”在节点 2 上(build 个目标)。
     1>InitializeBuildStatus:
         正在对“.\Debug\SwimmingPool.unsuccessfulbuild”执行 Touch 任务。
       ClCompile:
         D:\Program Files (x86)\Microsoft Visual Studio 10.0\VC\bin\CL.exe /c /ZI /nologo /W3 /WX- /Od /Oy- /D WIN32 /D _DEBUG /D _CONSOLE /D _VC80_UPGRADE=0x0600 /D _MBCS /Gm /EHsc /RTC1 /MTd /GS /Gy- /fp:precise /Zc:wchar_t /Zc:forScope /Fo".\Debug\\" /Fd".\Debug\vc100.pdb" /Gd /TP /analyze- /errorReport:prompt main.cpp
         main.cpp
     1>e:\hlb\cocos2dx笔记\水波纹\网上例子\swimmingpool1\main.cpp(151): warning C4018: “<”: 有符号/无符号不匹配
       ManifestResourceCompile:
         C:\Program Files (x86)\Microsoft SDKs\Windows\v7.0A\bin\rc.exe /nologo /fo".\Debug\SwimmingPool.exe.embed.manifest.res" .\Debug\SwimmingPool_manifest.rc 
       Link:
         D:\Program Files (x86)\Microsoft Visual Studio 10.0\VC\bin\link.exe /ERRORREPORT:PROMPT /OUT:".\Debug\SwimmingPool.exe" /INCREMENTAL /NOLOGO odbc32.lib odbccp32.lib opengl32.lib glu32.lib glut32.lib kernel32.lib user32.lib gdi32.lib winspool.lib comdlg32.lib advapi32.lib shell32.lib ole32.lib oleaut32.lib uuid.lib odbc32.lib odbccp32.lib /MANIFEST /ManifestFile:".\Debug\SwimmingPool.exe.intermediate.manifest" /MANIFESTUAC:"level='asInvoker' uiAccess='false'" /DEBUG /PDB:"E:\hlb\cocos2dx笔记\水波纹\网上例子\SwimmingPool1\Debug\SwimmingPool.pdb" /SUBSYSTEM:CONSOLE /TLBID:1 /DYNAMICBASE /NXCOMPAT /IMPLIB:".\Debug\SwimmingPool.lib" /MACHINE:X86 .\Debug\SwimmingPool.exe.embed.manifest.res
         .\Debug\camera.obj
         .\Debug\main.obj
       Manifest:
         C:\Program Files (x86)\Microsoft SDKs\Windows\v7.0A\bin\mt.exe /nologo /verbose /out:".\Debug\SwimmingPool.exe.embed.manifest" /manifest .\Debug\SwimmingPool.exe.intermediate.manifest
         C:\Program Files (x86)\Microsoft SDKs\Windows\v7.0A\bin\rc.exe /nologo /fo".\Debug\SwimmingPool.exe.embed.manifest.res" .\Debug\SwimmingPool_manifest.rc 
       LinkEmbedManifest:
         D:\Program Files (x86)\Microsoft Visual Studio 10.0\VC\bin\link.exe /ERRORREPORT:PROMPT /OUT:".\Debug\SwimmingPool.exe" /INCREMENTAL /NOLOGO odbc32.lib odbccp32.lib opengl32.lib glu32.lib glut32.lib kernel32.lib user32.lib gdi32.lib winspool.lib comdlg32.lib advapi32.lib shell32.lib ole32.lib oleaut32.lib uuid.lib odbc32.lib odbccp32.lib /MANIFEST /ManifestFile:".\Debug\SwimmingPool.exe.intermediate.manifest" /MANIFESTUAC:"level='asInvoker' uiAccess='false'" /DEBUG /PDB:"E:\hlb\cocos2dx笔记\水波纹\网上例子\SwimmingPool1\Debug\SwimmingPool.pdb" /SUBSYSTEM:CONSOLE /TLBID:1 /DYNAMICBASE /NXCOMPAT /IMPLIB:".\Debug\SwimmingPool.lib" /MACHINE:X86 .\Debug\SwimmingPool.exe.embed.manifest.res
         .\Debug\camera.obj
         .\Debug\main.obj
         SwimmingPool.vcxproj -> E:\hlb\cocos2dx笔记\水波纹\网上例子\SwimmingPool1\.\Debug\SwimmingPool.exe
       FinalizeBuildStatus:
         正在删除文件“.\Debug\SwimmingPool.unsuccessfulbuild”。
         正在对“.\Debug\SwimmingPool.lastbuildstate”执行 Touch 任务。
     1>已完成生成项目“E:\hlb\cocos2dx笔记\水波纹\网上例子\SwimmingPool1\SwimmingPool.vcxproj”(build 个目标)的操作。

生成成功。

已用时间 00:00:02.22
