生成启动时间为 2015/8/28 16:17:33。
     1>项目“D:\45946872fountain\fountain\FountainWater.vcxproj”在节点 2 上(build 个目标)。
     1>InitializeBuildStatus:
         正在创建“.\Debug\FountainWater.unsuccessfulbuild”，因为已指定“AlwaysCreate”。
       ClCompile:
         D:\Program Files (x86)\Microsoft Visual Studio 10.0\VC\bin\CL.exe /c /ZI /nologo /W3 /WX- /Od /Oy- /D WIN32 /D _DEBUG /D _CONSOLE /D _VC80_UPGRADE=0x0600 /D _MBCS /Gm /EHsc /RTC1 /MTd /GS /Gy- /fp:precise /Zc:wchar_t /Zc:forScope /Fo".\Debug\\" /Fd".\Debug\vc100.pdb" /Gd /TP /analyze- /errorReport:prompt AirFountain.cpp camera.cpp main.cpp pool.cpp textures.cpp vectors.cpp
         vectors.cpp
         textures.cpp
         pool.cpp
     1>d:\45946872fountain\fountain\pool.cpp(57): warning C4018: “<”: 有符号/无符号不匹配
         main.cpp
         camera.cpp
         AirFountain.cpp
     1>d:\45946872fountain\fountain\airfountain.cpp : warning C4819: 该文件包含不能在当前代码页(936)中表示的字符。请将该文件保存为 Unicode 格式以防止数据丢失
         正在生成代码...
       ManifestResourceCompile:
         C:\Program Files (x86)\Microsoft SDKs\Windows\v7.0A\bin\rc.exe /nologo /fo".\Debug\FountainWater.exe.embed.manifest.res" .\Debug\FountainWater_manifest.rc 
       Link:
         D:\Program Files (x86)\Microsoft Visual Studio 10.0\VC\bin\link.exe /ERRORREPORT:PROMPT /OUT:".\Debug\FountainWater.exe" /INCREMENTAL /NOLOGO odbc32.lib odbccp32.lib glaux.lib kernel32.lib user32.lib gdi32.lib winspool.lib comdlg32.lib advapi32.lib shell32.lib ole32.lib oleaut32.lib uuid.lib odbc32.lib odbccp32.lib /MANIFEST /ManifestFile:".\Debug\FountainWater.exe.intermediate.manifest" /MANIFESTUAC:"level='asInvoker' uiAccess='false'" /DEBUG /PDB:"D:\45946872fountain\fountain\Debug\FountainWater.pdb" /SUBSYSTEM:CONSOLE /TLBID:1 /DYNAMICBASE /NXCOMPAT /IMPLIB:".\Debug\FountainWater.lib" /MACHINE:X86 .\Debug\FountainWater.exe.embed.manifest.res
         .\Debug\AirFountain.obj
         .\Debug\camera.obj
         .\Debug\main.obj
         .\Debug\pool.obj
         .\Debug\textures.obj
         .\Debug\vectors.obj
       Manifest:
         C:\Program Files (x86)\Microsoft SDKs\Windows\v7.0A\bin\mt.exe /nologo /verbose /out:".\Debug\FountainWater.exe.embed.manifest" /manifest .\Debug\FountainWater.exe.intermediate.manifest
         C:\Program Files (x86)\Microsoft SDKs\Windows\v7.0A\bin\rc.exe /nologo /fo".\Debug\FountainWater.exe.embed.manifest.res" .\Debug\FountainWater_manifest.rc 
       LinkEmbedManifest:
         D:\Program Files (x86)\Microsoft Visual Studio 10.0\VC\bin\link.exe /ERRORREPORT:PROMPT /OUT:".\Debug\FountainWater.exe" /INCREMENTAL /NOLOGO odbc32.lib odbccp32.lib glaux.lib kernel32.lib user32.lib gdi32.lib winspool.lib comdlg32.lib advapi32.lib shell32.lib ole32.lib oleaut32.lib uuid.lib odbc32.lib odbccp32.lib /MANIFEST /ManifestFile:".\Debug\FountainWater.exe.intermediate.manifest" /MANIFESTUAC:"level='asInvoker' uiAccess='false'" /DEBUG /PDB:"D:\45946872fountain\fountain\Debug\FountainWater.pdb" /SUBSYSTEM:CONSOLE /TLBID:1 /DYNAMICBASE /NXCOMPAT /IMPLIB:".\Debug\FountainWater.lib" /MACHINE:X86 .\Debug\FountainWater.exe.embed.manifest.res
         .\Debug\AirFountain.obj
         .\Debug\camera.obj
         .\Debug\main.obj
         .\Debug\pool.obj
         .\Debug\textures.obj
         .\Debug\vectors.obj
         FountainWater.vcxproj -> D:\45946872fountain\fountain\.\Debug\FountainWater.exe
       FinalizeBuildStatus:
         正在删除文件“.\Debug\FountainWater.unsuccessfulbuild”。
         正在对“.\Debug\FountainWater.lastbuildstate”执行 Touch 任务。
     1>已完成生成项目“D:\45946872fountain\fountain\FountainWater.vcxproj”(build 个目标)的操作。

生成成功。

已用时间 00:00:06.72
